
> starter_helpi@0.1.0 test
> react-scripts test --coverage

FAIL src/App.test.tsx
  ● Test suite failed to run

    Cannot find module 'react-router-dom' from 'src/App.tsx'

    Require stack:
      src/App.tsx
      src/App.test.tsx

      3 | import './App.css';
      4 | import { Button, Form } from 'react-bootstrap';
    > 5 | import { Route, Link, Routes, useLocation } from 'react-router-dom';
        | ^
      6 | import { BasicAssessment } from './components/BasicAssessment';
      7 | //local storage and API Key: key should be entered in by the user and will be stored in local storage (NOT session storage)
      8 | let keyData = "";

      at Resolver.resolveModule (node_modules/jest-resolve/build/resolver.js:324:11)
      at Object.<anonymous> (src/App.tsx:5:1)
      at Object.<anonymous> (src/App.test.tsx:3:1)
      at TestScheduler.scheduleTests (node_modules/@jest/core/build/TestScheduler.js:333:13)
      at runJest (node_modules/@jest/core/build/runJest.js:404:19)
      at _run10000 (node_modules/@jest/core/build/cli/index.js:320:7)
      at runCLI (node_modules/@jest/core/build/cli/index.js:173:3)

----------------------|---------|----------|---------|---------|-------------------
File                  | % Stmts | % Branch | % Funcs | % Lines | Uncovered Line #s 
----------------------|---------|----------|---------|---------|-------------------
All files             |       0 |        0 |       0 |       0 |                   
 src                  |       0 |        0 |       0 |       0 |                   
  App.tsx             |       0 |        0 |       0 |       0 | 8-29              
  index.tsx           |       0 |      100 |     100 |       0 | 8-22              
  reportWebVitals.ts  |       0 |        0 |       0 |       0 | 3-10              
 src/components       |       0 |        0 |       0 |       0 |                   
  BasicAssessment.tsx |       0 |        0 |       0 |       0 | 5-34              
 src/interfaces       |       0 |        0 |       0 |       0 |                   
  question.ts         |       0 |        0 |       0 |       0 |                   
----------------------|---------|----------|---------|---------|-------------------
Test Suites: 1 failed, 1 total
Tests:       0 total
Snapshots:   0 total
Time:        2.395 s
Ran all test suites.
